<?xml version="1.0" encoding="UTF-8"?>
<coverage generated="1677161418423" clover="3.2.0">
  <project timestamp="1677161418424" name="All files">
    <metrics statements="13" coveredstatements="13" conditionals="11" coveredconditionals="10" methods="2" coveredmethods="2" elements="26" coveredelements="25" complexity="0" loc="13" ncloc="13" packages="1" files="2" classes="2"/>
    <file name="filter.js" path="C:\Users\dilba\RSS-EN\custom_lodash\filter.js">
      <metrics statements="5" coveredstatements="5" conditionals="2" coveredconditionals="2" methods="1" coveredmethods="1"/>
      <line num="2" count="2" type="stmt"/>
      <line num="3" count="2" type="stmt"/>
      <line num="4" count="10" type="cond" truecount="2" falsecount="0"/>
      <line num="5" count="4" type="stmt"/>
      <line num="8" count="2" type="stmt"/>
    </file>
    <file name="find.js" path="C:\Users\dilba\RSS-EN\custom_lodash\find.js">
      <metrics statements="8" coveredstatements="8" conditionals="9" coveredconditionals="8" methods="1" coveredmethods="1"/>
      <line num="2" count="5" type="cond" truecount="2" falsecount="0"/>
      <line num="3" count="4" type="stmt"/>
      <line num="4" count="8" type="cond" truecount="2" falsecount="0"/>
      <line num="5" count="7" type="cond" truecount="2" falsecount="0"/>
      <line num="6" count="3" type="stmt"/>
      <line num="9" count="5" type="stmt"/>
      <line num="10" count="1" type="cond" truecount="1" falsecount="1"/>
      <line num="11" count="1" type="stmt"/>
    </file>
  </project>
</coverage>
