{"C:\\Users\\dilba\\RSS-EN\\custom_lodash\\filter.js": {"path":"C:\\Users\\dilba\\RSS-EN\\custom_lodash\\filter.js","statementMap":{"0":{"start":{"line":2,"column":18},"end":{"line":2,"column":20}},"1":{"start":{"line":3,"column":0},"end":{"line":7,"column":1}},"2":{"start":{"line":3,"column":13},"end":{"line":3,"column":14}},"3":{"start":{"line":4,"column":1},"end":{"line":6,"column":2}},"4":{"start":{"line":5,"column":2},"end":{"line":5,"column":41}},"5":{"start":{"line":8,"column":0},"end":{"line":8,"column":19}}},"fnMap":{"0":{"name":"filter","decl":{"start":{"line":1,"column":9},"end":{"line":1,"column":15}},"loc":{"start":{"line":1,"column":32},"end":{"line":9,"column":1}},"line":1}},"branchMap":{"0":{"loc":{"start":{"line":4,"column":1},"end":{"line":6,"column":2}},"type":"if","locations":[{"start":{"line":4,"column":1},"end":{"line":6,"column":2}},{"start":{},"end":{}}],"line":4}},"s":{"0":2,"1":2,"2":2,"3":10,"4":4,"5":2},"f":{"0":2},"b":{"0":[4,6]},"_coverageSchema":"1a1c01bbd47fc00a2c39e90264f33305004495a9","hash":"6c92a026e52636cd36493be3258e6ce24be046cb"}
,"C:\\Users\\dilba\\RSS-EN\\custom_lodash\\find.js": {"path":"C:\\Users\\dilba\\RSS-EN\\custom_lodash\\find.js","statementMap":{"0":{"start":{"line":2,"column":2},"end":{"line":13,"column":5}},"1":{"start":{"line":2,"column":15},"end":{"line":2,"column":16}},"2":{"start":{"line":3,"column":4},"end":{"line":7,"column":5}},"3":{"start":{"line":4,"column":6},"end":{"line":6,"column":7}},"4":{"start":{"line":5,"column":8},"end":{"line":5,"column":24}},"5":{"start":{"line":8,"column":4},"end":{"line":12,"column":9}},"6":{"start":{"line":8,"column":17},"end":{"line":8,"column":18}},"7":{"start":{"line":9,"column":6},"end":{"line":11,"column":7}},"8":{"start":{"line":10,"column":8},"end":{"line":10,"column":27}}},"fnMap":{"0":{"name":"find","decl":{"start":{"line":1,"column":9},"end":{"line":1,"column":13}},"loc":{"start":{"line":1,"column":45},"end":{"line":14,"column":3}},"line":1}},"branchMap":{"0":{"loc":{"start":{"line":1,"column":32},"end":{"line":1,"column":43}},"type":"default-arg","locations":[{"start":{"line":1,"column":42},"end":{"line":1,"column":43}}],"line":1},"1":{"loc":{"start":{"line":3,"column":4},"end":{"line":7,"column":5}},"type":"if","locations":[{"start":{"line":3,"column":4},"end":{"line":7,"column":5}},{"start":{},"end":{}}],"line":3},"2":{"loc":{"start":{"line":4,"column":6},"end":{"line":6,"column":7}},"type":"if","locations":[{"start":{"line":4,"column":6},"end":{"line":6,"column":7}},{"start":{},"end":{}}],"line":4},"3":{"loc":{"start":{"line":9,"column":6},"end":{"line":11,"column":7}},"type":"if","locations":[{"start":{"line":9,"column":6},"end":{"line":11,"column":7}},{"start":{},"end":{}}],"line":9}},"s":{"0":4,"1":4,"2":8,"3":7,"4":3,"5":5,"6":5,"7":1,"8":1},"f":{"0":4},"b":{"0":[4],"1":[7,1],"2":[3,4],"3":[1,0]},"_coverageSchema":"1a1c01bbd47fc00a2c39e90264f33305004495a9","hash":"99b4a92275801480c13bb9ce5570943c21eabea4"}
}
